A    doc/POSDCSIntegration
A    doc/POSDCSIntegration/cmslogo.eps
A    doc/POSDCSIntegration/dolatex.sh
A    doc/POSDCSIntegration/powerPartition.png
A    doc/POSDCSIntegration/cmspaper.cls
A    doc/POSDCSIntegration/powerPartition.eps
A    doc/POSDCSIntegration/POSDCSIntegration.tex
A    doc/POSDCSIntegration/cernlogo.eps
A    doc/POSDCSIntegration/cms_in.eps
A    doc/UsersGuide
A    doc/UsersGuide/POScomponents.pdf
A    doc/UsersGuide/AOHBiasScan.pdf
A    doc/UsersGuide/PH_vs_Vcal_goodLinearity.pdf
A    doc/UsersGuide/pFEC.pdf
A    doc/UsersGuide/PixelSupervisorDAQDCS.png
A    doc/UsersGuide/pFED.pdf
A    doc/UsersGuide/tbm-anal-dacs.png
A    doc/UsersGuide/package_dep.fig
A    doc/UsersGuide/ConfigTree.fig
A    doc/UsersGuide/TBM.pdf
A    doc/UsersGuide/phaseAndDelayPlotPurged_channe_1_1.pdf
A    doc/UsersGuide/graph_FPix_BpI_D1_PRT1_FPix_BpI_D1_BLD1_PNL1_0.pdf
A    doc/UsersGuide/graph_FPix_BpI_D1_PRT1_FPix_BpI_D1_BLD1_PNL1_1.pdf
A    doc/UsersGuide/graph_FPix_BpI_D1_PRT1_FPix_BpI_D1_BLD1_PNL1_2.pdf
A    doc/UsersGuide/graph_FPix_BmO_D2_PRT3_FPix_BmO_D2_BLD8_PNL1.pdf
A    doc/UsersGuide/PH_vs_Vsf.pdf
A    doc/UsersGuide/graph_FPix_BpI_D1_PRT1_FPix_BpI_D1_BLD1_PNL1_3.pdf
A    doc/UsersGuide/PH_vs_VHldDel_Vsf187.pdf
A    doc/UsersGuide/phaseAndDelayPlot_channe_10_1_latedatazoom.pdf
A    doc/UsersGuide/PH_vs_Vcal_poorLinearity.pdf
A    doc/UsersGuide/UsersGuide.tex
A    doc/UsersGuide/nonlinearityPlot_xmidOverXsize.pdf
A    doc/UsersGuide/ROCUB_new_histoviewer.pdf
A    doc/UsersGuide/phaseAndDelayPlot_channe_1_1.pdf
A    doc/UsersGuide/Delay25.ps
A    doc/UsersGuide/VcThrCalDel_example.png
A    doc/UsersGuide/package_dep.pdf
A    doc/UsersGuide/ROC.pdf
A    doc/UsersGuide/phaseAndDelayPlotShifted_channe_1_1.pdf
A    doc/UsersGuide/ConfigTree.pdf
A    doc/UsersGuide/IanavsVana.pdf
A    doc/UsersGuide/do_latex
A    doc/UsersGuide/phaseAndDelayPlotRaw_channe_1_1.pdf
A    doc/UsersGuide/2860506-001.pdf
A    doc/UsersGuide/PH_vs_VHldDel_Vsf136.pdf
A    doc/UsersGuide/PH_vs_VHldDel_Vsf119.pdf
A    doc/UsersGuide/PixelTKFECSupervisorDAQDCS.png
A    doc/UsersGuide/CalDelCalibration.pdf
A    doc/UsersGuide/PixelFECSupervisorDAQDCS.png
A    doc/UsersGuide/phaseAndDelayPlot_channe_10_1_latedata.pdf
A    doc/UsersGuide/l1fm_states.png
A    doc/UsersGuide/ROCUB_directory.pdf
A    doc/UsersGuide/nonlinearityPlot_integral.pdf
A    doc/UsersGuide/ROCUB_pass.pdf
A    doc/UsersGuide/thresholdCalDel.pdf
A    doc/UsersGuide/UsersGuide.bib
A    doc/UsersGuide/directory.pdf
A    doc/UsersGuide/idigi1.pdf
A    doc/pixel.doxyfile
A    doc/html
A    doc/html/overview.html
A    doc/html/index.html
A    doc/NamingScheme
A    doc/NamingScheme/roc_numbering.eps
A    doc/NamingScheme/naming_pixel_v2.tex
A    doc/NamingScheme/dcsHierarchySiemens.eps
A    doc/NamingScheme/Bld.eps
A    doc/NamingScheme/dcsSensorPlacement_v1.eps
A    doc/NamingScheme/dcsSensorPlacement_v2.eps
A    doc/NamingScheme/roc_on_plaquette.eps
A    doc/NamingScheme/summary_v1.eps
A    doc/NamingScheme/Azimuthal_numbering.eps
A    doc/NamingScheme/PSI46_for_naming.eps
A    doc/NamingScheme/cmspaper.cls
A    doc/NamingScheme/cms_note.eps
A    doc/NamingScheme/prt_v1.eps
A    doc/NamingScheme/barrel_roc_numbering.eps
A    doc/NamingScheme/barrel_sector.eps
A    doc/NamingScheme/barrel_hierarchy_2.eps
A    doc/NamingScheme/qua.eps
A    doc/NamingScheme/dcsPowerDistribution.eps
A    doc/NamingScheme/new_CCU_v1.eps
A    doc/NamingScheme/DCS_top.eps
A    doc/NamingScheme/fpix_overview.eps
A    doc/NamingScheme/barrel_z_seg.eps
A    doc/NamingScheme/cabling.eps
A    doc/NamingScheme/dcsHierarchyCAEN.eps
A    doc/NamingScheme/Bp.eps
A    doc/NamingScheme/supply_board.eps
A    doc/NamingScheme/ROC_config_numbers.eps
A    doc/NamingScheme/barrel_hierarchy.eps
A    doc/NamingScheme/Plaquette_Numbering.eps
A    doc/NamingScheme/naming_pixel_v2.ps
A    doc/NamingScheme/dcsSensorPlacementBPix.eps
A    doc/NamingScheme/dcsPowerDistributionBPixA4602.eps
A    doc/NamingScheme/dcsPowerDistributionBPixA4603.eps
A    doc/NamingScheme/association_eg.eps
A    doc/NamingScheme/convention_v1.eps
 U   doc
Checked out revision 4806.
