A    PixelConfigDBInterface/test
A    PixelConfigDBInterface/test/PixelConfigDBCmd.cc
A    PixelConfigDBInterface/test/src
A    PixelConfigDBInterface/test/src/common
A    PixelConfigDBInterface/test/src/common/MyTest.cc
A    PixelConfigDBInterface/test/configDBtest.txt
A    PixelConfigDBInterface/test/runit.sh
A    PixelConfigDBInterface/test/sampleConfigurationFiles
A    PixelConfigDBInterface/test/sampleConfigurationFiles/calib.dat
A    PixelConfigDBInterface/test/sampleConfigurationFiles/portcardmap.dat
A    PixelConfigDBInterface/test/sampleConfigurationFiles/maskslist.txt
A    PixelConfigDBInterface/test/sampleConfigurationFiles/LTCConfiguration.txt
A    PixelConfigDBInterface/test/sampleConfigurationFiles/tkfecconfig.dat
A    PixelConfigDBInterface/test/sampleConfigurationFiles/fecconfig.dat
A    PixelConfigDBInterface/test/sampleConfigurationFiles/fedconfig.dat
A    PixelConfigDBInterface/test/sampleConfigurationFiles/ROC_Masks_module_FPix_BmI_D1_BLD2_PNL1.dat
A    PixelConfigDBInterface/test/sampleConfigurationFiles/portcard_FPix_BmI_D1_PRT1.dat
A    PixelConfigDBInterface/test/sampleConfigurationFiles/ROC_Masks_module_FPix_BmI_D1_BLD2_PNL2.dat
A    PixelConfigDBInterface/test/sampleConfigurationFiles/detectconfig.dat
A    PixelConfigDBInterface/test/sampleConfigurationFiles/translation.dat
A    PixelConfigDBInterface/test/sampleConfigurationFiles/configurations.txt
A    PixelConfigDBInterface/test/sampleConfigurationFiles/ROC_Trims_module_FPix_BmI_D1_BLD1_PNL1.dat
A    PixelConfigDBInterface/test/sampleConfigurationFiles/ROC_Trims_module_FPix_BmI_D1_BLD1_PNL2.dat
A    PixelConfigDBInterface/test/sampleConfigurationFiles/ROC_Trims_module_FPix_BmI_D1_BLD3_PNL1.dat
A    PixelConfigDBInterface/test/sampleConfigurationFiles/ROC_Trims_module_FPix_BmI_D1_BLD3_PNL2.dat
A    PixelConfigDBInterface/test/sampleConfigurationFiles/params_fed_1.dat
A    PixelConfigDBInterface/test/sampleConfigurationFiles/portcardlist.txt
A    PixelConfigDBInterface/test/sampleConfigurationFiles/ROC_Masks_module_FPix_BmI_D1_BLD1_PNL1.dat
A    PixelConfigDBInterface/test/sampleConfigurationFiles/ROC_Masks_module_FPix_BmI_D1_BLD1_PNL2.dat
A    PixelConfigDBInterface/test/sampleConfigurationFiles/ROC_Masks_module_FPix_BmI_D1_BLD3_PNL1.dat
A    PixelConfigDBInterface/test/sampleConfigurationFiles/tbmlist.txt
A    PixelConfigDBInterface/test/sampleConfigurationFiles/ROC_Masks_module_FPix_BmI_D1_BLD3_PNL2.dat
A    PixelConfigDBInterface/test/sampleConfigurationFiles/TBM_module_FPix_BpI_D1_BLD1_PNL1.dat
A    PixelConfigDBInterface/test/sampleConfigurationFiles/aliases.txt
A    PixelConfigDBInterface/test/sampleConfigurationFiles/daclist.txt
A    PixelConfigDBInterface/test/sampleConfigurationFiles/fedcardlist.txt
A    PixelConfigDBInterface/test/sampleConfigurationFiles/ROC_DAC_module_FPix_BpI_D1_BLD1_PNL1.dat
A    PixelConfigDBInterface/test/sampleConfigurationFiles/trimslist.txt
A    PixelConfigDBInterface/test/sampleConfigurationFiles/ROC_Trims_module_FPix_BmI_D1_BLD2_PNL1.dat
A    PixelConfigDBInterface/test/sampleConfigurationFiles/delay25.dat
A    PixelConfigDBInterface/test/sampleConfigurationFiles/ROC_Trims_module_FPix_BmI_D1_BLD2_PNL2.dat
A    PixelConfigDBInterface/test/sampleConfigurationFiles/TTCciConfiguration.txt
A    PixelConfigDBInterface/test/Makefile
A    PixelConfigDBInterface/include
A    PixelConfigDBInterface/include/PixelOracleDatabase.h
A    PixelConfigDBInterface/include/PixelConfigDBInterface.h
A    PixelConfigDBInterface/include/PixelSQLCommand.h
A    PixelConfigDBInterface/include/PixelDatabaseUtilities.h
A    PixelConfigDBInterface/include/PixelConfigInterface.h
A    PixelConfigDBInterface/ChangeLog
A    PixelConfigDBInterface/src
A    PixelConfigDBInterface/src/common
A    PixelConfigDBInterface/src/common/PixelOracleDatabase.cc
A    PixelConfigDBInterface/src/common/PixelConfigDBInterface.cc
A    PixelConfigDBInterface/src/common/PixelSQLCommand.cc
A    PixelConfigDBInterface/src/common/PixelDatabaseUtilities.cc
A    PixelConfigDBInterface/Makefile
 U   PixelConfigDBInterface
Checked out revision 4806.
