A    PixelMonitor/include
A    PixelMonitor/include/PixelMonitor.h
A    PixelMonitor/curlpp
A    PixelMonitor/curlpp/Multi.hpp
A    PixelMonitor/curlpp/Info.hpp
A    PixelMonitor/curlpp/Options.hpp
A    PixelMonitor/curlpp/Easy.inl
A    PixelMonitor/curlpp/Exception.hpp
A    PixelMonitor/curlpp/Easy.hpp
A    PixelMonitor/curlpp/Form.hpp
A    PixelMonitor/curlpp/Option.inl
A    PixelMonitor/curlpp/OptionBase.hpp
A    PixelMonitor/curlpp/Types.hpp
A    PixelMonitor/curlpp/cURLpp.hpp
A    PixelMonitor/curlpp/Option.hpp
A    PixelMonitor/curlpp/config.h.in
A    PixelMonitor/curlpp/Infos.hpp
A    PixelMonitor/curlpp/config.h.sample
A    PixelMonitor/curlpp/Info.inl
A    PixelMonitor/curlpp/internal
A    PixelMonitor/curlpp/internal/OptionSetter.inl
A    PixelMonitor/curlpp/internal/OptionContainer.hpp
A    PixelMonitor/curlpp/internal/CurlHandle.inl
A    PixelMonitor/curlpp/internal/OptionContainerType.hpp
A    PixelMonitor/curlpp/internal/SList.hpp
A    PixelMonitor/curlpp/internal/OptionSetter.hpp
A    PixelMonitor/curlpp/internal/global.h
A    PixelMonitor/curlpp/internal/CurlHandle.hpp
A    PixelMonitor/curlpp/internal/OptionList.hpp
A    PixelMonitor/curlpp/internal/buildconfig.h
A    PixelMonitor/curlpp/internal/OptionContainer.inl
A    PixelMonitor/src
A    PixelMonitor/src/common
A    PixelMonitor/src/common/PixelMonitor.cc
A    PixelMonitor/Makefile
 U   PixelMonitor
Checked out revision 4806.
