A    PixelFunctionManager/installation
A    PixelFunctionManager/installation/build_centralDeploy.xml
A    PixelFunctionManager/installation/build_local.xml
A    PixelFunctionManager/installation/build.xml
A    PixelFunctionManager/doc
A    PixelFunctionManager/doc/html
A    PixelFunctionManager/doc/html/overview.html
A    PixelFunctionManager/doc/html/index.html
A    PixelFunctionManager/src
A    PixelFunctionManager/src/rcms
A    PixelFunctionManager/src/rcms/fm
A    PixelFunctionManager/src/rcms/fm/app
A    PixelFunctionManager/src/rcms/fm/app/pixelfm
A    PixelFunctionManager/src/rcms/fm/app/pixelfm/PixelStateMachineDefinition.java
A    PixelFunctionManager/src/rcms/fm/app/pixelfm/PixelEventHandler.java
A    PixelFunctionManager/src/rcms/fm/app/pixelfm/PixelFunctionManager.java
A    PixelFunctionManager/src/rcms/fm/app/pixelfm/PixelInputs.java
A    PixelFunctionManager/src/rcms/fm/app/pixelfm/PixelParameters.java
A    PixelFunctionManager/src/rcms/fm/app/pixelfm/PixelStates.java
A    PixelFunctionManager/src/rcms/fm/app/pixelfm/PixelErrorHandler.java
 U   PixelFunctionManager
Checked out revision 4806.
