A    PixelRun/LastRunNumber.txt
A    PixelRun/updatePortcard
A    PixelRun/pixel_alive.c
A    PixelRun/delay25.c
A    PixelRun/updateRoc
A    PixelRun/PixelConfigBase.h
A    PixelRun/reco
A    PixelRun/iana.c
A    PixelRun/VcThrmacro.C
A    PixelRun/BaselineAdjustmentMonitor
A    PixelRun/BaselineAdjustmentMonitor/temp.txt
A    PixelRun/BaselineAdjustmentMonitor/baseTempCorr.cpp
A    PixelRun/BaselineAdjustmentMonitor/src
A    PixelRun/BaselineAdjustmentMonitor/src/DBReader.cpp
A    PixelRun/BaselineAdjustmentMonitor/tnsnames.ora
A    PixelRun/BaselineAdjustmentMonitor/inc
A    PixelRun/BaselineAdjustmentMonitor/inc/DBReader.h
A    PixelRun/BaselineAdjustmentMonitor/setup.csh
A    PixelRun/BaselineAdjustmentMonitor/Makefile
A    PixelRun/PixelCalibBase.cc
A    PixelRun/PixelCalibBase.h
A    PixelRun/PixelDACScanRange.cc
A    PixelRun/PixelSLinkData.cc
A    PixelRun/PixelCalib.cc
A    PixelRun/PixelDACScanRange.h
A    PixelRun/peak.c
A    PixelRun/pixelROCscurve.cc
A    PixelRun/pixelROCscurve.h
A    PixelRun/delay25macro.C
A    PixelRun/AOHBiasmacro.C
A    PixelRun/PixelROCName.cc
A    PixelRun/thresholdCalDelay.c
A    PixelRun/PixelModuleName.cc
A    PixelRun/SLink2Human.c
A    PixelRun/Makefile
A    PixelRun/run_LTC.sh
A    PixelRun/run_noRU.sh
A    PixelRun/peaks.c
A    PixelRun/updateTbm
A    PixelRun/PixelConfigBase.cc
A    PixelRun/TwoDEfficiencyScan.c
A    PixelRun/run_PSI.sh
A    PixelRun/pixel_scurve.c
A    PixelRun/pixel_gaincalib.c
A    PixelRun/xml
A    PixelRun/xml/GEDConfig.set
A    PixelRun/xml/LogViewer_offline.set
A    PixelRun/xml/Profile.xml
A    PixelRun/xml/SupervisorConfig.set
A    PixelRun/xml/LogViewer.set
A    PixelRun/updateFed
A    PixelRun/PixelSLinkData.h
A    PixelRun/PixelCalib.h
A    PixelRun/PixelDACNames.h
A    PixelRun/rootlogon.C
A    PixelRun/caldel.c
A    PixelRun/idigi.c
A    PixelRun/pixelROC.cc
A    PixelRun/pixelROC.h
A    PixelRun/PixelROCName.h
A    PixelRun/PixelModuleName.h
 U   PixelRun
Checked out revision 4806.
