A    PixelCalibrations/xml
A    PixelCalibrations/xml/temperatureCalibration.xml
A    PixelCalibrations/include
A    PixelCalibrations/include/PixelBaselineCalibration.h
A    PixelCalibrations/include/PixelFEDAOHBiasCalibration.h
A    PixelCalibrations/include/PixelHistoReadWriteFile.h
A    PixelCalibrations/include/PixelGainAliveSCurveCalibration.h
A    PixelCalibrations/include/PixelLinearityVsVsfCalibration.h
A    PixelCalibrations/include/PixelEmulatedPhysics.h
A    PixelCalibrations/include/PixelFEDAddressLevelCalibration.h
A    PixelCalibrations/include/PixelEfficiency2DVcThrCalDel.h
A    PixelCalibrations/include/PixelFEDBaselineCalibration.h
A    PixelCalibrations/include/PixelFEDVsfAndVHldDelCalibration.h
A    PixelCalibrations/include/PixelAOHAndFEDChannelMappingTest.h
A    PixelCalibrations/include/PixelIanaCalibration.h
A    PixelCalibrations/include/PixelTemperatureCalibrationPluginDCU.h
A    PixelCalibrations/include/PixelFEDEmulatedPhysics.h
A    PixelCalibrations/include/PixelEfficiency2DWBCCalDel.h
A    PixelCalibrations/include/PixelVsfAndVHldDelCalibration.h
A    PixelCalibrations/include/PixelIdigiCalibration.h
A    PixelCalibrations/include/PixelFEDAOHAndFEDChannelMappingTest.h
A    PixelCalibrations/include/PixelFEDAddressLevelCalibrationBase.h
A    PixelCalibrations/include/PixelFEDTBMUBCalibration.h
A    PixelCalibrations/include/PixelEfficiency2DVcThr.h
A    PixelCalibrations/include/PixelFEDClockPhaseCalibration.h
A    PixelCalibrations/include/PixelBaselineCalibrationNew.h
A    PixelCalibrations/include/PixelFEDThresholdCalDelayCalibrationFIFO1.h
A    PixelCalibrations/include/PixelTBMDACScanInfo.h
A    PixelCalibrations/include/PixelFEDCalDelCalibration.h
A    PixelCalibrations/include/PixelFEDVcThrCalibration.h
A    PixelCalibrations/include/PixelFEDGainAliveSCurveCalibration.h
A    PixelCalibrations/include/PixelAOHGainCalibration.h
A    PixelCalibrations/include/PixelFED2DEfficiencyScan.h
A    PixelCalibrations/include/PixelTBMUBCalibration.h
A    PixelCalibrations/include/PixelCalibrationBase.h
A    PixelCalibrations/include/PixelFEDThresholdCalDelayCalibration.h
A    PixelCalibrations/include/PixelTemperatureCalibrationPlugin.h
A    PixelCalibrations/include/PixelFEDROCUBEqualizationCalibration.h
A    PixelCalibrations/include/PixelEfficiency2D.h
A    PixelCalibrations/include/PixelPHRangeCalibration.h
A    PixelCalibrations/include/PixelVcThrCalibration.h
A    PixelCalibrations/include/Pixel2DEfficiencyScan.h
A    PixelCalibrations/include/PixelTKFECCalibrationBase.h
A    PixelCalibrations/include/PixelFEDROCDelay25Calibration.h
A    PixelCalibrations/include/PixelFEDCalibrationBase.h
A    PixelCalibrations/include/PixelAOHBiasCalibrationParameters.h
A    PixelCalibrations/include/PixelThresholdCalDelayCalibration.h
A    PixelCalibrations/include/PixelTemperatureCalibration.h
A    PixelCalibrations/include/PixelROCUBEqualizationCalibration.h
A    PixelCalibrations/include/PixelAddressLevelCalibrationWithTestDACs.h
A    PixelCalibrations/include/PixelAOHBiasCalibration.h
A    PixelCalibrations/include/PixelCalibrationFactory.h
A    PixelCalibrations/include/PixelFEDLinearityVsVsfCalibration.h
A    PixelCalibrations/include/PixelBaselineCalibrationWithTestDACs.h
A    PixelCalibrations/include/PixelFEDBaselineCalibrationNew.h
A    PixelCalibrations/include/PixelClockPhaseCalibration.h
A    PixelCalibrations/include/PixelThresholdCalDelayCalibrationFIFO1.h
A    PixelCalibrations/include/PixelTKFECDelay25Calibration.h
A    PixelCalibrations/include/PixelFEDAddressLevelCalibrationWithTestDACs.h
A    PixelCalibrations/include/PixelCalDelCalibration.h
A    PixelCalibrations/include/PixelGainAliveSCurveCalibrationWithSLink.h
A    PixelCalibrations/include/PixelFEDAOHGainCalibration.h
A    PixelCalibrations/include/PixelFEDBaselineCalibrationWithTestDACs.h
A    PixelCalibrations/include/PixelFEDGainAliveSCurveCalibrationWithSLink.h
A    PixelCalibrations/include/PixelFEDPHRangeCalibration.h
A    PixelCalibrations/include/PixelDelay25Calibration.h
A    PixelCalibrations/include/PixelTemperatureCalibrationPluginLastDAC.h
A    PixelCalibrations/include/PixelROCDelay25Calibration.h
A    PixelCalibrations/include/PixelConfigDataUpdates.h
A    PixelCalibrations/include/PixelAddressLevelCalibration.h
A    PixelCalibrations/macros
A    PixelCalibrations/macros/include
A    PixelCalibrations/macros/include/PixelReadOutChipData_powerInfo.h
A    PixelCalibrations/macros/include/PixelReadOutChipData_temperatureInfo.h
A    PixelCalibrations/macros/include/PixelReadOutChipData_fixedPower.h
A    PixelCalibrations/macros/include/PixelReadOutChipData_varyingPower.h
A    PixelCalibrations/macros/include/PixelReadOutChipData_dacInfo.h
A    PixelCalibrations/macros/include/PixelReadOutChipData_dcsInfo.h
A    PixelCalibrations/macros/src
A    PixelCalibrations/macros/src/common
A    PixelCalibrations/macros/src/common/PixelReadOutChipData_powerInfo.cc
A    PixelCalibrations/macros/src/common/PixelReadOutChipData_temperatureInfo.cc
A    PixelCalibrations/macros/src/common/PixelReadOutChipData_fixedPower.cc
A    PixelCalibrations/macros/src/common/PixelReadOutChipData_varyingPower.cc
A    PixelCalibrations/macros/src/common/offlinePixelTemperatureCalibrationLastDAC.cc
A    PixelCalibrations/macros/src/common/PixelReadOutChipData_dcsInfo.cc
A    PixelCalibrations/macros/Makefile
A    PixelCalibrations/src
A    PixelCalibrations/src/common
A    PixelCalibrations/src/common/PixelTKFECDelay25Calibration.cc
A    PixelCalibrations/src/common/PixelVsfAndVHldDelCalibration.cc
A    PixelCalibrations/src/common/PixelFEDAOHBiasCalibration.cc
A    PixelCalibrations/src/common/PixelHistoReadWriteFile.cc
A    PixelCalibrations/src/common/Pixel2DEfficiencyScan.cc
A    PixelCalibrations/src/common/PixelTKFECCalibrationBase.cc
A    PixelCalibrations/src/common/PixelFEDTBMUBCalibration.cc
A    PixelCalibrations/src/common/PixelThresholdCalDelayCalibration.cc
A    PixelCalibrations/src/common/PixelBaselineCalibrationNew.cc
A    PixelCalibrations/src/common/PixelFEDBaselineCalibration.cc
A    PixelCalibrations/src/common/PixelCalibrationFactory.cc
A    PixelCalibrations/src/common/PixelFEDLinearityVsVsfCalibration.cc
A    PixelCalibrations/src/common/PixelFEDBaselineCalibrationNew.cc
A    PixelCalibrations/src/common/PixelTemperatureCalibrationPlugin.cc
A    PixelCalibrations/src/common/PixelBaselineCalibration.cc
A    PixelCalibrations/src/common/PixelFEDAddressLevelCalibrationWithTestDACs.cc
A    PixelCalibrations/src/common/PixelPHRangeCalibration.cc
A    PixelCalibrations/src/common/PixelIdigiCalibration.cc
A    PixelCalibrations/src/common/PixelFEDAOHAndFEDChannelMappingTest.cc
A    PixelCalibrations/src/common/PixelFEDROCDelay25Calibration.cc
A    PixelCalibrations/src/common/PixelEfficiency2DVcThr.cc
A    PixelCalibrations/src/common/PixelEfficiency2DVcThrCalDel.cc
A    PixelCalibrations/src/common/PixelROCUBEqualizationCalibration.cc
A    PixelCalibrations/src/common/PixelFEDPHRangeCalibration.cc
A    PixelCalibrations/src/common/PixelFEDGainAliveSCurveCalibrationWithSLink.cc
A    PixelCalibrations/src/common/PixelAddressLevelCalibrationWithTestDACs.cc
A    PixelCalibrations/src/common/PixelFEDVcThrCalibration.cc
A    PixelCalibrations/src/common/PixelAOHAndFEDChannelMappingTest.cc
A    PixelCalibrations/src/common/PixelTBMUBCalibration.cc
A    PixelCalibrations/src/common/PixelFEDEmulatedPhysics.cc
A    PixelCalibrations/src/common/PixelClockPhaseCalibration.cc
A    PixelCalibrations/src/common/PixelThresholdCalDelayCalibrationFIFO1.cc
A    PixelCalibrations/src/common/PixelCalDelCalibration.cc
A    PixelCalibrations/src/common/PixelGainAliveSCurveCalibrationWithSLink.cc
A    PixelCalibrations/src/common/PixelGainAliveSCurveCalibration.cc
A    PixelCalibrations/src/common/PixelFEDBaselineCalibrationWithTestDACs.cc
A    PixelCalibrations/src/common/PixelFEDCalibrationBase.cc
A    PixelCalibrations/src/common/PixelEmulatedPhysics.cc
A    PixelCalibrations/src/common/PixelTemperatureCalibration.cc
A    PixelCalibrations/src/common/PixelFEDVsfAndVHldDelCalibration.cc
A    PixelCalibrations/src/common/PixelFED2DEfficiencyScan.cc
A    PixelCalibrations/src/common/PixelAOHGainCalibration.cc
A    PixelCalibrations/src/common/PixelFEDGainAliveSCurveCalibration.cc
A    PixelCalibrations/src/common/PixelTemperatureCalibrationPluginLastDAC.cc
A    PixelCalibrations/src/common/PixelBaselineCalibrationWithTestDACs.cc
A    PixelCalibrations/src/common/PixelCalibrationBase.cc
A    PixelCalibrations/src/common/PixelFEDThresholdCalDelayCalibration.cc
A    PixelCalibrations/src/common/PixelEfficiency2D.cc
A    PixelCalibrations/src/common/PixelEfficiency2DWBCCalDel.cc
A    PixelCalibrations/src/common/PixelFEDAOHGainCalibration.cc
A    PixelCalibrations/src/common/PixelVcThrCalibration.cc
A    PixelCalibrations/src/common/PixelFEDAddressLevelCalibrationBase.cc
A    PixelCalibrations/src/common/PixelLinearityVsVsfCalibration.cc
A    PixelCalibrations/src/common/PixelFEDClockPhaseCalibration.cc
A    PixelCalibrations/src/common/PixelFEDAddressLevelCalibration.cc
A    PixelCalibrations/src/common/PixelFEDThresholdCalDelayCalibrationFIFO1.cc
A    PixelCalibrations/src/common/PixelFEDCalDelCalibration.cc
A    PixelCalibrations/src/common/PixelTBMDACScanInfo.cc
A    PixelCalibrations/src/common/PixelDelay25Calibration.cc
A    PixelCalibrations/src/common/PixelAOHBiasCalibration.cc
A    PixelCalibrations/src/common/PixelIanaCalibration.cc
A    PixelCalibrations/src/common/PixelTemperatureCalibrationPluginDCU.cc
A    PixelCalibrations/src/common/PixelROCDelay25Calibration.cc
A    PixelCalibrations/src/common/PixelConfigDataUpdates.cc
A    PixelCalibrations/src/common/PixelAddressLevelCalibration.cc
A    PixelCalibrations/src/common/PixelFEDROCUBEqualizationCalibration.cc
A    PixelCalibrations/Makefile
 U   PixelCalibrations
Checked out revision 4806.
