A    PixelConfigDataFormats/test
A    PixelConfigDataFormats/test/testPixelCalib.cc
A    PixelConfigDataFormats/test/PixelConfigDBCmd.cc
A    PixelConfigDataFormats/test/scan_calib.dat
A    PixelConfigDataFormats/test/testPixelFECandFED.cc
A    PixelConfigDataFormats/test/nametranslation.dat
A    PixelConfigDataFormats/test/params_fed.dat
A    PixelConfigDataFormats/test/detconfig.dat
A    PixelConfigDataFormats/test/fec_config.dat
A    PixelConfigDataFormats/test/testDB.cc
A    PixelConfigDataFormats/test/fed_config.dat
A    PixelConfigDataFormats/test/testConfigAccess.cc
A    PixelConfigDataFormats/test/Makefile
A    PixelConfigDataFormats/test/README.PixelConfigDBCmd
A    PixelConfigDataFormats/test/testPixelFEDCard.cc
A    PixelConfigDataFormats/include
A    PixelConfigDataFormats/include/PixelHdwAddress.h
A    PixelConfigDataFormats/include/PixelTTCciConfig.h
A    PixelConfigDataFormats/include/PixelNameTranslation.h
A    PixelConfigDataFormats/include/PixelPortCardSettingNames.h
A    PixelConfigDataFormats/include/PixelConfigBase.h
A    PixelConfigDataFormats/include/PixelDelay25Calib.h
A    PixelConfigDataFormats/include/PixelCalibBase.h
A    PixelConfigDataFormats/include/PixelFEDTestDAC.h
A    PixelConfigDataFormats/include/PixelLTCConfig.h
A    PixelConfigDataFormats/include/PixelDACScanRange.h
A    PixelConfigDataFormats/include/PixelTrimOverride.h
A    PixelConfigDataFormats/include/PixelPortcardMap.h
A    PixelConfigDataFormats/include/PixelTKFECConfig.h
A    PixelConfigDataFormats/include/PixelFECConfig.h
A    PixelConfigDataFormats/include/PixelFEDConfig.h
A    PixelConfigDataFormats/include/PixelTrimCommon.h
A    PixelConfigDataFormats/include/PixelAliasList.h
A    PixelConfigDataFormats/include/PixelFEDCard.h
A    PixelConfigDataFormats/include/PixelTrimAllPixels.h
A    PixelConfigDataFormats/include/PixelMaskOverride.h
A    PixelConfigDataFormats/include/PixelVersionAlias.h
A    PixelConfigDataFormats/include/PixelDetectorConfig.h
A    PixelConfigDataFormats/include/PixelROCTrimBits.h
A    PixelConfigDataFormats/include/PixelConfigList.h
A    PixelConfigDataFormats/include/PixelTBMSettings.h
A    PixelConfigDataFormats/include/PixelMaskCommon.h
A    PixelConfigDataFormats/include/PixelPortCardConfig.h
A    PixelConfigDataFormats/include/PixelConfigFile.h
A    PixelConfigDataFormats/include/PixelConfig.h
A    PixelConfigDataFormats/include/PixelTrimOverrideBase.h
A    PixelConfigDataFormats/include/PixelTrimBase.h
A    PixelConfigDataFormats/include/PixelDACSettings.h
A    PixelConfigDataFormats/include/PixelMaskAllPixels.h
A    PixelConfigDataFormats/include/PixelCalib.h
A    PixelConfigDataFormats/include/PixelDACNames.h
A    PixelConfigDataFormats/include/PixelROCDACSettings.h
A    PixelConfigDataFormats/include/PixelConfigKey.h
A    PixelConfigDataFormats/include/PixelConfigAlias.h
A    PixelConfigDataFormats/include/PixelTKFECParameters.h
A    PixelConfigDataFormats/include/PixelFECParameters.h
A    PixelConfigDataFormats/include/PixelROCMaskBits.h
A    PixelConfigDataFormats/include/PixelFEDParameters.h
A    PixelConfigDataFormats/include/PixelROCName.h
A    PixelConfigDataFormats/include/PixelModuleName.h
A    PixelConfigDataFormats/include/PixelMaskOverrideBase.h
A    PixelConfigDataFormats/include/PixelMaskBase.h
A    PixelConfigDataFormats/doc
A    PixelConfigDataFormats/doc/html
A    PixelConfigDataFormats/doc/html/overview.html
A    PixelConfigDataFormats/doc/html/index.html
A    PixelConfigDataFormats/src
A    PixelConfigDataFormats/src/common
A    PixelConfigDataFormats/src/common/PixelNameTranslation.cc
A    PixelConfigDataFormats/src/common/PixelPortCardConfig.cc
A    PixelConfigDataFormats/src/common/PixelCalibBase.cc
A    PixelConfigDataFormats/src/common/PixelTrimBase.cc
A    PixelConfigDataFormats/src/common/PixelDACSettings.cc
A    PixelConfigDataFormats/src/common/PixelDACScanRange.cc
A    PixelConfigDataFormats/src/common/PixelCalib.cc
A    PixelConfigDataFormats/src/common/PixelROCDACSettings.cc
A    PixelConfigDataFormats/src/common/PixelTKFECParameters.cc
A    PixelConfigDataFormats/src/common/PixelFEDParameters.cc
A    PixelConfigDataFormats/src/common/PixelFECConfig.cc
A    PixelConfigDataFormats/src/common/PixelROCName.cc
A    PixelConfigDataFormats/src/common/PixelModuleName.cc
A    PixelConfigDataFormats/src/common/PixelMaskBase.cc
A    PixelConfigDataFormats/src/common/PixelHdwAddress.cc
A    PixelConfigDataFormats/src/common/PixelTrimAllPixels.cc
A    PixelConfigDataFormats/src/common/PixelTTCciConfig.cc
A    PixelConfigDataFormats/src/common/PixelDetectorConfig.cc
A    PixelConfigDataFormats/src/common/PixelDelay25Calib.cc
A    PixelConfigDataFormats/src/common/PixelConfigBase.cc
A    PixelConfigDataFormats/src/common/PixelROCTrimBits.cc
A    PixelConfigDataFormats/src/common/PixelTBMSettings.cc
A    PixelConfigDataFormats/src/common/PixelFEDTestDAC.cc
A    PixelConfigDataFormats/src/common/PixelLTCConfig.cc
A    PixelConfigDataFormats/src/common/PixelMaskAllPixels.cc
A    PixelConfigDataFormats/src/common/PixelPortcardMap.cc
A    PixelConfigDataFormats/src/common/PixelFECParameters.cc
A    PixelConfigDataFormats/src/common/PixelROCMaskBits.cc
A    PixelConfigDataFormats/src/common/PixelTKFECConfig.cc
A    PixelConfigDataFormats/src/common/PixelTrimCommon.cc
A    PixelConfigDataFormats/src/common/PixelFEDConfig.cc
A    PixelConfigDataFormats/src/common/PixelNameROC.cc
A    PixelConfigDataFormats/src/common/PixelFEDCard.cc
A    PixelConfigDataFormats/Makefile
 U   PixelConfigDataFormats
Checked out revision 4806.
