A    PixelDCSInterface/xml
A    PixelDCSInterface/xml/interface.xml
A    PixelDCSInterface/xml/xdaqjcPID15965.log
A    PixelDCSInterface/xml/xdaqjcPID15965-with_dcuId.log
A    PixelDCSInterface/xml/sqlviews.xml.view
A    PixelDCSInterface/xml/xdaqjcPID15965.log.dat
A    PixelDCSInterface/xml/sqlviews.xml
A    PixelDCSInterface/include
A    PixelDCSInterface/include/PixelDCStoFEDDpConnectionRow.h
A    PixelDCSInterface/include/PixelDCStoFEDDpTable.h
A    PixelDCSInterface/include/PixelDCStoFEDDpNameTable.h
A    PixelDCSInterface/include/PixelDCStoFEDDpFilterTable.h
A    PixelDCSInterface/include/PixelDCStoFEDDpCalibrationTable.h
A    PixelDCSInterface/include/PixelDCSFSMInterface.h
A    PixelDCSInterface/include/PixelDCStoFEDDpInterface.h
A    PixelDCSInterface/include/PixelDCSFSMNodeA4602.h
A    PixelDCSInterface/include/PixelDCSFSMNodeA4603.h
A    PixelDCSInterface/include/PixelDCStoFEDDpValueRow.h
A    PixelDCSInterface/include/PixelDCStoFEDDpRow.h
A    PixelDCSInterface/include/PixelDCStoFEDDpNameRow.h
A    PixelDCSInterface/include/PixelDCSFSMPartition.h
A    PixelDCSInterface/include/PixelDCStoFEDDpFilterRow.h
A    PixelDCSInterface/include/PixelDCSDpInterface.h
A    PixelDCSInterface/include/PixelDCStoFEDDpCalibrationRow.h
A    PixelDCSInterface/include/PixelDCStoTrkFECDpInterface.h
A    PixelDCSInterface/include/version.h
A    PixelDCSInterface/include/PixelDCStoFEDDpValueTable.h
A    PixelDCSInterface/include/PixelDCSFSMNode.h
A    PixelDCSInterface/src
A    PixelDCSInterface/src/common
A    PixelDCSInterface/src/common/PixelDCStoFEDDpFilterTable.cc
A    PixelDCSInterface/src/common/PixelDCStoFEDDpCalibrationTable.cc
A    PixelDCSInterface/src/common/PixelDCSFSMInterface.cc
A    PixelDCSInterface/src/common/PixelDCStoFEDDpInterface.cc
A    PixelDCSInterface/src/common/PixelDCSFSMNodeA4602.cc
A    PixelDCSInterface/src/common/PixelDCSFSMNodeA4603.cc
A    PixelDCSInterface/src/common/PixelDCStoFEDDpValueRow.cc
A    PixelDCSInterface/src/common/PixelDCStoFEDDpNameRow.cc
A    PixelDCSInterface/src/common/PixelDCSFSMPartition.cc
A    PixelDCSInterface/src/common/PixelDCStoFEDDpFilterRow.cc
A    PixelDCSInterface/src/common/PixelDCSDpInterface.cc
A    PixelDCSInterface/src/common/PixelDCStoFEDDpCalibrationRow.cc
A    PixelDCSInterface/src/common/PixelDCStoTrkFECDpInterface.cc
A    PixelDCSInterface/src/common/version.cc
A    PixelDCSInterface/src/common/PixelDCStoFEDDpValueTable.cc
A    PixelDCSInterface/src/common/PixelDCSFSMNode.cc
A    PixelDCSInterface/src/common/PixelDCStoFEDDpConnectionRow.cc
A    PixelDCSInterface/src/common/PixelDCStoFEDDpNameTable.cc
A    PixelDCSInterface/Makefile
 U   PixelDCSInterface
Checked out revision 4806.
