A    PixelFEDInterface/test
A    PixelFEDInterface/test/PixelTTCviInterface.cc
A    PixelFEDInterface/test/testPixelFED.cpp
A    PixelFEDInterface/test/PixelTTCviInterface.h
A    PixelFEDInterface/test/doparams.cpp
A    PixelFEDInterface/test/FEDAddressMap.dat
A    PixelFEDInterface/test/Makefile
A    PixelFEDInterface/test/README
A    PixelFEDInterface/include
A    PixelFEDInterface/include/PixelFEDFifoData.h
A    PixelFEDInterface/include/PixelFEDInterface.h
A    PixelFEDInterface/spec.template
A    PixelFEDInterface/doc
A    PixelFEDInterface/doc/html
A    PixelFEDInterface/doc/html/overview.html
A    PixelFEDInterface/doc/html/index.html
A    PixelFEDInterface/src
A    PixelFEDInterface/src/common
A    PixelFEDInterface/src/common/PixelFEDFifoData.cc
A    PixelFEDInterface/src/common/PixelFEDInterface.cc
A    PixelFEDInterface/dat
A    PixelFEDInterface/dat/params_fed.dat
A    PixelFEDInterface/dat/FEDAddressMap.dat
A    PixelFEDInterface/fwDownLoader
A    PixelFEDInterface/fwDownLoader/test
A    PixelFEDInterface/fwDownLoader/test/fed_jam1.cpp
A    PixelFEDInterface/fwDownLoader/include
A    PixelFEDInterface/fwDownLoader/include/jbiport.h
A    PixelFEDInterface/fwDownLoader/include/jbijtag.h
A    PixelFEDInterface/fwDownLoader/include/jbicomp.h
A    PixelFEDInterface/fwDownLoader/include/jbiexprt.h
A    PixelFEDInterface/fwDownLoader/src
A    PixelFEDInterface/fwDownLoader/src/common
A    PixelFEDInterface/fwDownLoader/src/common/JBICOMP.cc
A    PixelFEDInterface/fwDownLoader/src/common/JBIMAIN.cc
A    PixelFEDInterface/fwDownLoader/src/common/JBIJTAG.cc
A    PixelFEDInterface/fwDownLoader/Makefile
A    PixelFEDInterface/fwDownLoader/README
A    PixelFEDInterface/Makefile
 U   PixelFEDInterface
Checked out revision 4806.
