A    PixelAnalysisTools/test
A    PixelAnalysisTools/test/plot.c
A    PixelAnalysisTools/test/trim.sh
A    PixelAnalysisTools/test/configuration
A    PixelAnalysisTools/test/configuration/SCurveAnalysis_BaseExample.xml
A    PixelAnalysisTools/test/configuration/GainAnalysis_BaseExample.xml
A    PixelAnalysisTools/test/configuration/PixelAliveAnalysis_BaseExample.xml
A    PixelAnalysisTools/test/src
A    PixelAnalysisTools/test/src/common
A    PixelAnalysisTools/test/src/common/ThresholdCalDelay.cc
A    PixelAnalysisTools/test/src/common/PixelIntimeVana.cc
A    PixelAnalysisTools/test/src/common/PixelThreshold.cc
A    PixelAnalysisTools/test/src/common/PixelTrimBits.cc
A    PixelAnalysisTools/test/src/common/FastHistoFromRaw.cc
A    PixelAnalysisTools/test/src/common/PixelAlive.cc
A    PixelAnalysisTools/test/src/common/Peaks.cc
A    PixelAnalysisTools/test/src/common/Delay25.cc
A    PixelAnalysisTools/test/src/common/TwoDEfficiencyScan.cc
A    PixelAnalysisTools/test/src/common/PixelSCurve.cc
A    PixelAnalysisTools/test/src/common/PixelTrim.cc
A    PixelAnalysisTools/test/src/common/CalDelay.cc
A    PixelAnalysisTools/test/src/common/Peak.cc
A    PixelAnalysisTools/test/src/common/PixelTrimAnalysis.cc
A    PixelAnalysisTools/test/src/common/PixelTrimVcThr.cc
A    PixelAnalysisTools/test/src/common/PixelAnalysis.cc
A    PixelAnalysisTools/test/src/common/PixelModVana.cc
A    PixelAnalysisTools/test/src/common/PixelGainCalibration.cc
A    PixelAnalysisTools/test/bin
A    PixelAnalysisTools/test/bin/linux
A    PixelAnalysisTools/test/bin/linux/x86
A    PixelAnalysisTools/test/bin/linux/x86/PixelAnalysis.xml
A    PixelAnalysisTools/test/bin/linux/x86/ParFile.dat
A    PixelAnalysisTools/test/bin/linux/x86/PixelSCurveAnalysis.xml
A    PixelAnalysisTools/test/additionalTools
A    PixelAnalysisTools/test/additionalTools/PixelAliveLoop_BPix.C
A    PixelAnalysisTools/test/additionalTools/PixelAliveLoop_FPix.C
A    PixelAnalysisTools/test/additionalTools/changeSome.pl
A    PixelAnalysisTools/test/additionalTools/SCurveLoop_BPix.C
A    PixelAnalysisTools/test/additionalTools/VanaTools
A    PixelAnalysisTools/test/additionalTools/VanaTools/InAbsDiff.pl
A    PixelAnalysisTools/test/additionalTools/VanaTools/currents.pl
A    PixelAnalysisTools/test/additionalTools/VanaTools/PlotAbsThr.C
A    PixelAnalysisTools/test/additionalTools/VanaTools/overallPlot.C
A    PixelAnalysisTools/test/additionalTools/VanaTools/PlotInAbsDiff.C
A    PixelAnalysisTools/test/additionalTools/VanaTools/currentsPlot.C
A    PixelAnalysisTools/test/additionalTools/VanaTools/inabsdiff.C
A    PixelAnalysisTools/test/additionalTools/VanaTools/hist.C
A    PixelAnalysisTools/test/additionalTools/VanaTools/followWorst.pl.back
A    PixelAnalysisTools/test/additionalTools/VanaTools/followWorst.pl
A    PixelAnalysisTools/test/additionalTools/VanaTools/PlotDeltaVanaVsIter.C
A    PixelAnalysisTools/test/additionalTools/VanaTools/README
A    PixelAnalysisTools/test/additionalTools/VanaTools/overall.pl
A    PixelAnalysisTools/test/additionalTools/iterate.pl
A    PixelAnalysisTools/test/additionalTools/SCurveLoop_FPix.C
A    PixelAnalysisTools/test/additionalTools/changeAll.pl
A    PixelAnalysisTools/test/additionalTools/GainLoop.C
A    PixelAnalysisTools/test/read.c
A    PixelAnalysisTools/test/Makefile
A    PixelAnalysisTools/test/process_scurve.sh
A    PixelAnalysisTools/include
A    PixelAnalysisTools/include/PixelSCurveHistoManager.h
A    PixelAnalysisTools/include/PixelSLinkData.h
A    PixelAnalysisTools/include/PixelROCSCurve.h
A    PixelAnalysisTools/include/ReadParameters.h
A    PixelAnalysisTools/include/PixelGainHistoManager.h
A    PixelAnalysisTools/include/PixelHistoManager.h
A    PixelAnalysisTools/include/PixelAliveHistoManager.h
A    PixelAnalysisTools/include/PixelCalibConfigurationExtended.h
A    PixelAnalysisTools/include/PixelROC.h
A    PixelAnalysisTools/include/PixelAnalyzer.h
A    PixelAnalysisTools/include/PixelConfigurationsManager.h
A    PixelAnalysisTools/include/PixelROCTrimer.h
A    PixelAnalysisTools/src
A    PixelAnalysisTools/src/common
A    PixelAnalysisTools/src/common/PixelSCurveHistoManager.cc
A    PixelAnalysisTools/src/common/PixelSLinkData.cc
A    PixelAnalysisTools/src/common/PixelROCSCurve.cc
A    PixelAnalysisTools/src/common/ReadParameters.cc
A    PixelAnalysisTools/src/common/PixelGainHistoManager.cc
A    PixelAnalysisTools/src/common/PixelHistoManager.cc
A    PixelAnalysisTools/src/common/PixelAliveHistoManager.cc
A    PixelAnalysisTools/src/common/PixelCalibConfigurationExtended.cc
A    PixelAnalysisTools/src/common/PixelROC.cc
A    PixelAnalysisTools/src/common/PixelAnalyzer.cc
A    PixelAnalysisTools/src/common/PixelConfigurationsManager.cc
A    PixelAnalysisTools/src/common/PixelROCTrimer.cc
A    PixelAnalysisTools/dtd
A    PixelAnalysisTools/dtd/PixelAnalysis.dtd
A    PixelAnalysisTools/dtd/PixelSCurveAnalysis.dtd
A    PixelAnalysisTools/Makefile
A    PixelAnalysisTools/README
 U   PixelAnalysisTools
Checked out revision 4806.
