A    PixelFECSupervisor/test
A    PixelFECSupervisor/test/ROC_DAC.dat
A    PixelFECSupervisor/test/testPixelFEC.cc
A    PixelFECSupervisor/test/translation.dat
A    PixelFECSupervisor/test/ROC_DAC_module.dat
A    PixelFECSupervisor/test/testPixelConfigRead.cc
A    PixelFECSupervisor/test/ROC_Masks.dat
A    PixelFECSupervisor/test/ROC_Trims.dat
A    PixelFECSupervisor/test/Makefile
A    PixelFECSupervisor/test/ROC_Masks_module.dat
A    PixelFECSupervisor/test/ROC_Trims_module.dat
A    PixelFECSupervisor/include
A    PixelFECSupervisor/include/PixelFECSupervisor.h
A    PixelFECSupervisor/html
A    PixelFECSupervisor/html/ProgPix.htm
A    PixelFECSupervisor/html/PanelGUIAJAX.js
A    PixelFECSupervisor/html/ProgDAC.htm
A    PixelFECSupervisor/html/CalPix.htm
A    PixelFECSupervisor/html/ClrCal.htm
A    PixelFECSupervisor/html/ROCGUIAJAX.js
A    PixelFECSupervisor/html/Configure.htm
A    PixelFECSupervisor/html/TBMCommand.htm
A    PixelFECSupervisor/html/DAC_sl.gif
A    PixelFECSupervisor/html/ROCCommands.htm
A    PixelFECSupervisor/html/slider.js
A    PixelFECSupervisor/html/DAC_255_bg.gif
A    PixelFECSupervisor/conf
A    PixelFECSupervisor/conf/clientApp.set
A    PixelFECSupervisor/doc
A    PixelFECSupervisor/doc/html
A    PixelFECSupervisor/doc/html/overview.html
A    PixelFECSupervisor/doc/html/index.html
A    PixelFECSupervisor/src
A    PixelFECSupervisor/src/common
A    PixelFECSupervisor/src/common/PixelFECSupervisor.cc
A    PixelFECSupervisor/Makefile
 U   PixelFECSupervisor
Checked out revision 4806.
