A    PixelUtilities/writeRCMSxml.C
A    PixelUtilities/PixelRootUtilities
A    PixelUtilities/PixelRootUtilities/test
A    PixelUtilities/PixelRootUtilities/test/src
A    PixelUtilities/PixelRootUtilities/test/src/common
A    PixelUtilities/PixelRootUtilities/test/src/common/PixelHistoProducer.cc
A    PixelUtilities/PixelRootUtilities/test/src/common/TestDir.cc
A    PixelUtilities/PixelRootUtilities/test/src/common/PixelHistoDispatcher.cc
A    PixelUtilities/PixelRootUtilities/test/src/common/PixelHistoConsumer.cc
A    PixelUtilities/PixelRootUtilities/test/src/common/SpyData.cc
A    PixelUtilities/PixelRootUtilities/test/Makefile
A    PixelUtilities/PixelRootUtilities/include
A    PixelUtilities/PixelRootUtilities/include/PixelHistoTBranch.h
A    PixelUtilities/PixelRootUtilities/include/PixelRootDirectoryMaker.h
A    PixelUtilities/PixelRootUtilities/include/PixelHistoProducerDescriptor.h
A    PixelUtilities/PixelRootUtilities/include/PixelHistoThreadFrame.h
A    PixelUtilities/PixelRootUtilities/include/PixelHistoProducer.h
A    PixelUtilities/PixelRootUtilities/include/PixelHistoSpyData.h
A    PixelUtilities/PixelRootUtilities/include/PixelHistoDispatcher.h
A    PixelUtilities/PixelRootUtilities/include/PixelHistoReadWriteFile.h
A    PixelUtilities/PixelRootUtilities/include/PixelHistoServer.h
A    PixelUtilities/PixelRootUtilities/include/PixelHistoReadFileElements.h
A    PixelUtilities/PixelRootUtilities/include/PixelHistoScanDirectory.h
A    PixelUtilities/PixelRootUtilities/include/PixelHistoConsumer.h
A    PixelUtilities/PixelRootUtilities/include/PixelHistoThreadFrameWithArgs.h
A    PixelUtilities/PixelRootUtilities/include/PixelHistoTransactionKeywords.h
A    PixelUtilities/PixelRootUtilities/src
A    PixelUtilities/PixelRootUtilities/src/common
A    PixelUtilities/PixelRootUtilities/src/common/PixelHistoThreadFrame.cc
A    PixelUtilities/PixelRootUtilities/src/common/PixelHistoProducer.cc
A    PixelUtilities/PixelRootUtilities/src/common/PixelHistoSpyData.cc
A    PixelUtilities/PixelRootUtilities/src/common/PixelHistoDispatcher.cc
A    PixelUtilities/PixelRootUtilities/src/common/PixelHistoReadWriteFile.cc
A    PixelUtilities/PixelRootUtilities/src/common/PixelHistoServer.cc
A    PixelUtilities/PixelRootUtilities/src/common/PixelHistoReadFileElements.cc
A    PixelUtilities/PixelRootUtilities/src/common/PixelHistoScanDirectory.cc
A    PixelUtilities/PixelRootUtilities/src/common/PixelHistoConsumer.cc
A    PixelUtilities/PixelRootUtilities/src/common/PixelHistoThreadFrameWithArgs.cc
A    PixelUtilities/PixelRootUtilities/src/common/PixelHistoTBranch.cc
A    PixelUtilities/PixelRootUtilities/src/common/PixelRootDirectoryMaker.cc
A    PixelUtilities/PixelRootUtilities/Makefile
A    PixelUtilities/PixelGUIUtilities
A    PixelUtilities/PixelGUIUtilities/slider
A    PixelUtilities/PixelGUIUtilities/slider/img
A    PixelUtilities/PixelGUIUtilities/slider/img/inputoffset_bg.gif
A    PixelUtilities/PixelGUIUtilities/slider/img/channeloffsetdac_bg.gif
A    PixelUtilities/PixelGUIUtilities/slider/img/inputoffset_sl.gif
A    PixelUtilities/PixelGUIUtilities/slider/img/channeloffsetdac_sl.gif
A    PixelUtilities/PixelGUIUtilities/slider/slider.js
A    PixelUtilities/PixelGUIUtilities/include
A    PixelUtilities/PixelGUIUtilities/include/PixelAJAXCommander.h
A    PixelUtilities/PixelGUIUtilities/include/HTML2XGI.h
A    PixelUtilities/PixelGUIUtilities/include/DynamicWebApplication.h
A    PixelUtilities/PixelGUIUtilities/PixelGUIUtilities.doxyfile
A    PixelUtilities/PixelGUIUtilities/src
A    PixelUtilities/PixelGUIUtilities/src/common
A    PixelUtilities/PixelGUIUtilities/src/common/PixelAJAXCommander.cc
A    PixelUtilities/PixelGUIUtilities/src/common/HTML2XGI.cc
A    PixelUtilities/PixelGUIUtilities/src/common/DynamicWebApplication.cc
A    PixelUtilities/PixelGUIUtilities/Makefile
A    PixelUtilities/PixelGUIUtilities/examples
A    PixelUtilities/PixelGUIUtilities/examples/scripts
A    PixelUtilities/PixelGUIUtilities/examples/scripts/start-dynamic-app-example.sh
A    PixelUtilities/PixelGUIUtilities/examples/scripts/setup_xdaq_ld_path.sh
A    PixelUtilities/PixelGUIUtilities/examples/dynamic-app-example
A    PixelUtilities/PixelGUIUtilities/examples/dynamic-app-example/include
A    PixelUtilities/PixelGUIUtilities/examples/dynamic-app-example/include/MyDynamicApp.h
A    PixelUtilities/PixelGUIUtilities/examples/dynamic-app-example/include/AGUI.h
A    PixelUtilities/PixelGUIUtilities/examples/dynamic-app-example/include/AnotherGUI.h
A    PixelUtilities/PixelGUIUtilities/examples/dynamic-app-example/conf
A    PixelUtilities/PixelGUIUtilities/examples/dynamic-app-example/conf/dynamic-app-example-conf.xml
A    PixelUtilities/PixelGUIUtilities/examples/dynamic-app-example/src
A    PixelUtilities/PixelGUIUtilities/examples/dynamic-app-example/src/common
A    PixelUtilities/PixelGUIUtilities/examples/dynamic-app-example/src/common/AGUI.cpp
A    PixelUtilities/PixelGUIUtilities/examples/dynamic-app-example/src/common/AnotherGUI.cc
A    PixelUtilities/PixelGUIUtilities/examples/dynamic-app-example/src/common/MyDynamicApp.cpp
A    PixelUtilities/PixelGUIUtilities/examples/dynamic-app-example/Makefile
A    PixelUtilities/PixelSharedDataTools
A    PixelUtilities/PixelSharedDataTools/include
A    PixelUtilities/PixelSharedDataTools/include/ObjectUpdateEvent.h
A    PixelUtilities/PixelSharedDataTools/include/PixelFifoDataCollection.h
A    PixelUtilities/PixelSharedDataTools/include/SharedObject.h
A    PixelUtilities/PixelSharedDataTools/include/ObjectUpdateListener.h
A    PixelUtilities/PixelSharedDataTools/include/SharedMemoryPoolFactory.h
A    PixelUtilities/PixelSharedDataTools/include/PixelErrorCollection.h
A    PixelUtilities/PixelSharedDataTools/include/SharedObjectOwner.h
A    PixelUtilities/PixelSharedDataTools/src
A    PixelUtilities/PixelSharedDataTools/src/common
A    PixelUtilities/PixelSharedDataTools/src/common/PixelFifoDataCollection.cc
A    PixelUtilities/PixelSharedDataTools/src/common/SharedMemoryPoolFactory.cc
A    PixelUtilities/PixelSharedDataTools/src/common/PixelErrorCollection.cc
A    PixelUtilities/PixelSharedDataTools/Makefile
A    PixelUtilities/PixelI2OUtilities
A    PixelUtilities/PixelI2OUtilities/include
A    PixelUtilities/PixelI2OUtilities/include/I2OPrivateMessage.h
A    PixelUtilities/PixelI2OUtilities/include/I2OTACredit.h
A    PixelUtilities/PixelI2OUtilities/include/I2OBUDiscard.h
A    PixelUtilities/PixelI2OUtilities/include/I2OSender.h
A    PixelUtilities/PixelI2OUtilities/include/I2OReceiver.h
A    PixelUtilities/PixelI2OUtilities/include/I2OStandardMessage.h
A    PixelUtilities/PixelI2OUtilities/include/I2OEventDataBlock.h
A    PixelUtilities/PixelI2OUtilities/include/I2OBase.h
A    PixelUtilities/PixelI2OUtilities/include/I2OBUAllocate.h
A    PixelUtilities/PixelI2OUtilities/src
A    PixelUtilities/PixelI2OUtilities/src/common
A    PixelUtilities/PixelI2OUtilities/src/common/I2OReceiver.cc
A    PixelUtilities/PixelI2OUtilities/src/common/I2OStandardMessage.cc
A    PixelUtilities/PixelI2OUtilities/src/common/I2OEventDataBlock.cc
A    PixelUtilities/PixelI2OUtilities/src/common/I2OBase.cc
A    PixelUtilities/PixelI2OUtilities/src/common/I2OBUAllocate.cc
A    PixelUtilities/PixelI2OUtilities/src/common/I2OPrivateMessage.cc
A    PixelUtilities/PixelI2OUtilities/src/common/I2OTACredit.cc
A    PixelUtilities/PixelI2OUtilities/src/common/I2OBUDiscard.cc
A    PixelUtilities/PixelI2OUtilities/src/common/I2OSender.cc
A    PixelUtilities/PixelI2OUtilities/Makefile
A    PixelUtilities/PixelI2OUtilities/examples
A    PixelUtilities/PixelI2OUtilities/examples/tcp.xml
A    PixelUtilities/PixelI2OUtilities/examples/I2OExample.cc
A    PixelUtilities/PixelI2OUtilities/examples/example.xml
A    PixelUtilities/PixelI2OUtilities/examples/I2OExample.h
A    PixelUtilities/PixelI2OUtilities/examples/Makefile
A    PixelUtilities/Pixelb2inUtilities
A    PixelUtilities/Pixelb2inUtilities/include
A    PixelUtilities/Pixelb2inUtilities/include/Pixelb2inCommander.h
A    PixelUtilities/Pixelb2inUtilities/src
A    PixelUtilities/Pixelb2inUtilities/src/common
A    PixelUtilities/Pixelb2inUtilities/src/common/Pixelb2inCommander.cc
A    PixelUtilities/Pixelb2inUtilities/Makefile
A    PixelUtilities/FecSoftwareV3_0.spec
A    PixelUtilities/PixelXmlUtilities
A    PixelUtilities/PixelXmlUtilities/include
A    PixelUtilities/PixelXmlUtilities/include/PixelANSIColors.h
A    PixelUtilities/PixelXmlUtilities/include/PixelDOMTreeErrorReporter.h
A    PixelUtilities/PixelXmlUtilities/include/PixelXmlReader.h
A    PixelUtilities/PixelXmlUtilities/src
A    PixelUtilities/PixelXmlUtilities/src/common
A    PixelUtilities/PixelXmlUtilities/src/common/PixelDOMTreeErrorReporter.cc
A    PixelUtilities/PixelXmlUtilities/src/common/PixelXmlReader.cc
A    PixelUtilities/PixelXmlUtilities/Makefile
A    PixelUtilities/TTCSoftware.spec
A    PixelUtilities/PixelSOAPUtilities
A    PixelUtilities/PixelSOAPUtilities/include
A    PixelUtilities/PixelSOAPUtilities/include/PixelSOAP.h
A    PixelUtilities/PixelSOAPUtilities/include/SOAPCommander.h
A    PixelUtilities/DiagSystem.spec
A    PixelUtilities/PixelDCSUtilities
A    PixelUtilities/PixelDCSUtilities/test
A    PixelUtilities/PixelDCSUtilities/test/ConfigurationXDAQ.xml
A    PixelUtilities/PixelDCSUtilities/test/runXDAQ.sh
A    PixelUtilities/PixelDCSUtilities/include
A    PixelUtilities/PixelDCSUtilities/include/PixelDCSPSXCommander.h
A    PixelUtilities/PixelDCSUtilities/include/PixelDCSFSMCommandTranslation.h
A    PixelUtilities/PixelDCSUtilities/include/PixelDCSSMIConnectionManager.h
A    PixelUtilities/PixelDCSUtilities/include/PixelDCSTestApplication.h
A    PixelUtilities/PixelDCSUtilities/include/PixelDCSFSMNodeDefinition.h
A    PixelUtilities/PixelDCSUtilities/include/PixelDCSFSMStateTranslation.h
A    PixelUtilities/PixelDCSUtilities/include/PixelDCSCreateDataPointsDpNameRow.h
A    PixelUtilities/PixelDCSUtilities/include/readDCSFSMDeviceDefinition.h
A    PixelUtilities/PixelDCSUtilities/include/PixelPowerMap4602.h
A    PixelUtilities/PixelDCSUtilities/include/PixelPowerMap4603.h
A    PixelUtilities/PixelDCSUtilities/include/PixelDCSFSMDeviceDefinition.h
A    PixelUtilities/PixelDCSUtilities/include/PixelDCSSMICommander.h
A    PixelUtilities/PixelDCSUtilities/include/PixelDCSPVSSCommander.h
A    PixelUtilities/PixelDCSUtilities/include/PixelDCSSOAPConnection.h
A    PixelUtilities/PixelDCSUtilities/include/PixelDCSPVSSDpe.h
A    PixelUtilities/PixelDCSUtilities/include/PixelDCSCreateDataPointsDpNameTable.h
A    PixelUtilities/PixelDCSUtilities/include/PixelDCSSOAPCommander.h
A    PixelUtilities/PixelDCSUtilities/include/PixelDCSFSMStateToDpValueTranslation.h
A    PixelUtilities/PixelDCSUtilities/include/version.h
A    PixelUtilities/PixelDCSUtilities/include/PixelDCSCreateDataPoints.h
A    PixelUtilities/PixelDCSUtilities/html
A    PixelUtilities/PixelDCSUtilities/html/TestTrkFECSupervisor_DCUreadout_fakeSOAP.htm
A    PixelUtilities/PixelDCSUtilities/html/CreateDataPointsFED.htm
A    PixelUtilities/PixelDCSUtilities/html/CreateDataPointsTrkFEC_Temperatures.htm
A    PixelUtilities/PixelDCSUtilities/html/CreateDataPointsTrkFEC_Voltages.htm
A    PixelUtilities/PixelDCSUtilities/html/TestTrkFECSupervisor_DCUreadout.htm
A    PixelUtilities/PixelDCSUtilities/html/TestDCStoFEDDpInterface.htm
A    PixelUtilities/PixelDCSUtilities/html/TestDCStoTrkFECDpInterface.htm
A    PixelUtilities/PixelDCSUtilities/html/TestDCStoTrkFECDpInterfaceConfigure.htm
A    PixelUtilities/PixelDCSUtilities/src
A    PixelUtilities/PixelDCSUtilities/src/common
A    PixelUtilities/PixelDCSUtilities/src/common/PixelDCSPSXCommander.cc
A    PixelUtilities/PixelDCSUtilities/src/common/PixelDCSFSMCommandTranslation.cc
A    PixelUtilities/PixelDCSUtilities/src/common/PixelDCSSMIConnectionManager.cc
A    PixelUtilities/PixelDCSUtilities/src/common/PixelDCSTestApplication.cc
A    PixelUtilities/PixelDCSUtilities/src/common/PixelDCSFSMNodeDefinition.cc
A    PixelUtilities/PixelDCSUtilities/src/common/PixelDCSFSMStateTranslation.cc
A    PixelUtilities/PixelDCSUtilities/src/common/PixelDCSCreateDataPointsDpNameRow.cc
A    PixelUtilities/PixelDCSUtilities/src/common/readDCSFSMDeviceDefinition.cc
A    PixelUtilities/PixelDCSUtilities/src/common/PixelPowerMap4602.cc
A    PixelUtilities/PixelDCSUtilities/src/common/PixelPowerMap4603.cc
A    PixelUtilities/PixelDCSUtilities/src/common/PixelDCSFSMDeviceDefinition.cc
A    PixelUtilities/PixelDCSUtilities/src/common/PixelDCSSMICommander.cc
A    PixelUtilities/PixelDCSUtilities/src/common/PixelDCSPVSSCommander.cc
A    PixelUtilities/PixelDCSUtilities/src/common/PixelDCSSOAPConnection.cc
A    PixelUtilities/PixelDCSUtilities/src/common/PixelDCSPVSSDpe.cc
A    PixelUtilities/PixelDCSUtilities/src/common/PixelDCSCreateDataPointsDpNameTable.cc
A    PixelUtilities/PixelDCSUtilities/src/common/PixelDCSSOAPCommander.cc
A    PixelUtilities/PixelDCSUtilities/src/common/PixelDCSFSMStateToDpValueTranslation.cc
A    PixelUtilities/PixelDCSUtilities/src/common/version.cc
A    PixelUtilities/PixelDCSUtilities/src/common/PixelDCSCreateDataPoints.cc
A    PixelUtilities/PixelDCSUtilities/Makefile
A    PixelUtilities/PixelTestStandUtilities
A    PixelUtilities/PixelTestStandUtilities/include
A    PixelUtilities/PixelTestStandUtilities/include/PixelTimer.h
A    PixelUtilities/PixelTestStandUtilities/src
A    PixelUtilities/PixelTestStandUtilities/src/common
A    PixelUtilities/PixelTestStandUtilities/src/common/PixelTimer.cc
A    PixelUtilities/PixelTestStandUtilities/Makefile
A    PixelUtilities/PixelJobControlUtilities
A    PixelUtilities/PixelJobControlUtilities/include
A    PixelUtilities/PixelJobControlUtilities/include/PixelJobControlNode.h
A    PixelUtilities/PixelJobControlUtilities/include/PixelJobControlMonitor.h
A    PixelUtilities/PixelJobControlUtilities/src
A    PixelUtilities/PixelJobControlUtilities/src/common
A    PixelUtilities/PixelJobControlUtilities/src/common/PixelJobControlNode.cc
A    PixelUtilities/PixelJobControlUtilities/src/common/PixelJobControlMonitor.cc
A    PixelUtilities/PixelJobControlUtilities/Makefile
A    PixelUtilities/PixelTKFECDataTools
A    PixelUtilities/PixelTKFECDataTools/include
A    PixelUtilities/PixelTKFECDataTools/include/PortCardDCU.h
A    PixelUtilities/PixelTKFECDataTools/doc
A    PixelUtilities/PixelTKFECDataTools/doc/html
A    PixelUtilities/PixelTKFECDataTools/doc/html/overview.html
A    PixelUtilities/PixelTKFECDataTools/doc/html/index.html
A    PixelUtilities/PixelTKFECDataTools/src
A    PixelUtilities/PixelTKFECDataTools/src/common
A    PixelUtilities/PixelTKFECDataTools/src/common/PortCardDCU.cc
A    PixelUtilities/PixelTKFECDataTools/Makefile
A    PixelUtilities/PixelFEDDataTools
A    PixelUtilities/PixelFEDDataTools/include
A    PixelUtilities/PixelFEDDataTools/include/PixelSLinkHeader.h
A    PixelUtilities/PixelFEDDataTools/include/FIFO2Decoder.h
A    PixelUtilities/PixelFEDDataTools/include/PixelError.h
A    PixelUtilities/PixelFEDDataTools/include/PixelFEDRawDataNtuple.h
A    PixelUtilities/PixelFEDDataTools/include/PixelTBMHeader.h
A    PixelUtilities/PixelFEDDataTools/include/PixelLastDACReading.h
A    PixelUtilities/PixelFEDDataTools/include/Converter.h
A    PixelUtilities/PixelFEDDataTools/include/PixelBlackData.h
A    PixelUtilities/PixelFEDDataTools/include/Word32.h
A    PixelUtilities/PixelFEDDataTools/include/PixelSLinkEvent.h
A    PixelUtilities/PixelFEDDataTools/include/PixelScanRecord.h
A    PixelUtilities/PixelFEDDataTools/include/PixelHit.h
A    PixelUtilities/PixelFEDDataTools/include/FIFO1Decoder.h
A    PixelUtilities/PixelFEDDataTools/include/PixelLastDACTemperature.h
A    PixelUtilities/PixelFEDDataTools/include/FIFO3Decoder.h
A    PixelUtilities/PixelFEDDataTools/include/LevelEncoderDecoder.h
A    PixelUtilities/PixelFEDDataTools/include/DBEmulator.h
A    PixelUtilities/PixelFEDDataTools/include/PixelROCHeader.h
A    PixelUtilities/PixelFEDDataTools/include/AddressLevels.h
A    PixelUtilities/PixelFEDDataTools/include/LastDACFIFODecoder.h
A    PixelUtilities/PixelFEDDataTools/include/PixelSLinkTrailer.h
A    PixelUtilities/PixelFEDDataTools/include/PixelROCOutput.h
A    PixelUtilities/PixelFEDDataTools/include/SLinkDecoder.h
A    PixelUtilities/PixelFEDDataTools/include/PixelTBMTrailer.h
A    PixelUtilities/PixelFEDDataTools/include/TestDACTools.h
A    PixelUtilities/PixelFEDDataTools/include/PixelHitFEDRawData.h
A    PixelUtilities/PixelFEDDataTools/include/PixelDecodedFEDRawData.h
A    PixelUtilities/PixelFEDDataTools/include/PixelFEDDataTypes.h
A    PixelUtilities/PixelFEDDataTools/include/Moments.h
A    PixelUtilities/PixelFEDDataTools/include/ErrorFIFODecoder.h
A    PixelUtilities/PixelFEDDataTools/include/Word64.h
A    PixelUtilities/PixelFEDDataTools/include/PixelMode.h
A    PixelUtilities/PixelFEDDataTools/include/TemperatureFIFODecoder.h
A    PixelUtilities/PixelFEDDataTools/src
A    PixelUtilities/PixelFEDDataTools/src/common
A    PixelUtilities/PixelFEDDataTools/src/common/PixelSLinkHeader.cc
A    PixelUtilities/PixelFEDDataTools/src/common/FIFO2Decoder.cc
A    PixelUtilities/PixelFEDDataTools/src/common/PixelError.cc
A    PixelUtilities/PixelFEDDataTools/src/common/FIFO3Decoder.cc
A    PixelUtilities/PixelFEDDataTools/src/common/PixelFEDRawDataNtuple.cc
A    PixelUtilities/PixelFEDDataTools/src/common/PixelTBMHeader.cc
A    PixelUtilities/PixelFEDDataTools/src/common/PixelROCHeader.cc
A    PixelUtilities/PixelFEDDataTools/src/common/AddressLevels.cc
A    PixelUtilities/PixelFEDDataTools/src/common/PixelSLinkTrailer.cc
A    PixelUtilities/PixelFEDDataTools/src/common/LastDACFIFODecoder.cc
A    PixelUtilities/PixelFEDDataTools/src/common/SLinkDecoder.cc
A    PixelUtilities/PixelFEDDataTools/src/common/PixelROCOutput.cc
A    PixelUtilities/PixelFEDDataTools/src/common/PixelTBMTrailer.cc
A    PixelUtilities/PixelFEDDataTools/src/common/PixelBlackData.cc
A    PixelUtilities/PixelFEDDataTools/src/common/PixelHitFEDRawData.cc
A    PixelUtilities/PixelFEDDataTools/src/common/PixelDecodedFEDRawData.cc
A    PixelUtilities/PixelFEDDataTools/src/common/Word32.cc
A    PixelUtilities/PixelFEDDataTools/src/common/Moments.cc
A    PixelUtilities/PixelFEDDataTools/src/common/ErrorFIFODecoder.cc
A    PixelUtilities/PixelFEDDataTools/src/common/PixelSLinkEvent.cc
A    PixelUtilities/PixelFEDDataTools/src/common/PixelScanRecord.cc
A    PixelUtilities/PixelFEDDataTools/src/common/Word64.cc
A    PixelUtilities/PixelFEDDataTools/src/common/PixelMode.cc
A    PixelUtilities/PixelFEDDataTools/src/common/PixelHit.cc
A    PixelUtilities/PixelFEDDataTools/src/common/TemperatureFIFODecoder.cc
A    PixelUtilities/PixelFEDDataTools/src/common/FIFO1Decoder.cc
A    PixelUtilities/PixelFEDDataTools/testDACData.dat
A    PixelUtilities/PixelFEDDataTools/AddressLevelCalibration.dat
A    PixelUtilities/PixelFEDDataTools/Makefile
A    PixelUtilities/buildExternalRPMs.sh
 U   PixelUtilities
Checked out revision 4806.
