A    PixelConfigDataExamples/tkfecconfig
A    PixelConfigDataExamples/tkfecconfig/0
A    PixelConfigDataExamples/tkfecconfig/0/tkfecconfig.dat
A    PixelConfigDataExamples/tbm
A    PixelConfigDataExamples/tbm/0
A    PixelConfigDataExamples/tbm/0/TBM_module_FPix_BmI_D1_BLD1_PNL1.dat
A    PixelConfigDataExamples/tbm/0/TBM_module_FPix_BmI_D1_BLD1_PNL2.dat
A    PixelConfigDataExamples/tbm/0/TBM_module_FPix_BmI_D1_BLD2_PNL1.dat
A    PixelConfigDataExamples/tbm/0/TBM_module_FPix_BmI_D1_BLD2_PNL2.dat
A    PixelConfigDataExamples/tbm/0/TBM_module_FPix_BmI_D1_BLD3_PNL1.dat
A    PixelConfigDataExamples/tbm/0/TBM_module_FPix_BmI_D1_BLD3_PNL2.dat
A    PixelConfigDataExamples/fecconfig
A    PixelConfigDataExamples/fecconfig/0
A    PixelConfigDataExamples/fecconfig/0/fecconfig.dat
A    PixelConfigDataExamples/fedconfig
A    PixelConfigDataExamples/fedconfig/0
A    PixelConfigDataExamples/fedconfig/0/fedconfig.dat
A    PixelConfigDataExamples/globaldelay25
A    PixelConfigDataExamples/globaldelay25/0
A    PixelConfigDataExamples/globaldelay25/0/globaldelay25.dat
A    PixelConfigDataExamples/dac
A    PixelConfigDataExamples/dac/0
A    PixelConfigDataExamples/dac/0/ROC_DAC_module_FPix_BmI_D1_BLD1_PNL1.dat
A    PixelConfigDataExamples/dac/0/ROC_DAC_module_FPix_BmI_D1_BLD1_PNL2.dat
A    PixelConfigDataExamples/dac/0/ROC_DAC_module_FPix_BmI_D1_BLD2_PNL1.dat
A    PixelConfigDataExamples/dac/0/ROC_DAC_module_FPix_BmI_D1_BLD2_PNL2.dat
A    PixelConfigDataExamples/dac/0/ROC_DAC_module_FPix_BmI_D1_BLD3_PNL1.dat
A    PixelConfigDataExamples/dac/0/ROC_DAC_module_FPix_BmI_D1_BLD3_PNL2.dat
A    PixelConfigDataExamples/fedcard
A    PixelConfigDataExamples/fedcard/0
A    PixelConfigDataExamples/fedcard/0/params_fed_1.dat
A    PixelConfigDataExamples/mask
A    PixelConfigDataExamples/mask/0
A    PixelConfigDataExamples/mask/0/ROC_Masks_module_FPix_BmI_D1_BLD1_PNL1.dat
A    PixelConfigDataExamples/mask/0/ROC_Masks_module_FPix_BmI_D1_BLD1_PNL2.dat
A    PixelConfigDataExamples/mask/0/ROC_Masks_module_FPix_BmI_D1_BLD2_PNL1.dat
A    PixelConfigDataExamples/mask/0/ROC_Masks_module_FPix_BmI_D1_BLD2_PNL2.dat
A    PixelConfigDataExamples/mask/0/ROC_Masks_module_FPix_BmI_D1_BLD3_PNL1.dat
A    PixelConfigDataExamples/mask/0/ROC_Masks_module_FPix_BmI_D1_BLD3_PNL2.dat
A    PixelConfigDataExamples/ttcciconfig
A    PixelConfigDataExamples/ttcciconfig/0
A    PixelConfigDataExamples/ttcciconfig/0/TTCciConfiguration.txt
A    PixelConfigDataExamples/ttcciconfig/1
A    PixelConfigDataExamples/ttcciconfig/1/TTCciConfiguration.txt
A    PixelConfigDataExamples/ttcciconfig/2
A    PixelConfigDataExamples/ttcciconfig/2/TTCciConfiguration.txt
A    PixelConfigDataExamples/ttcciconfig/3
A    PixelConfigDataExamples/ttcciconfig/3/TTCciConfiguration.txt
A    PixelConfigDataExamples/ttcciconfig/4
A    PixelConfigDataExamples/ttcciconfig/4/LTCConfiguration.txt
A    PixelConfigDataExamples/ttcciconfig/4/TTCciConfiguration.txt
A    PixelConfigDataExamples/ttcciconfig/5
A    PixelConfigDataExamples/ttcciconfig/5/TTCciConfiguration.txt
A    PixelConfigDataExamples/README
A    PixelConfigDataExamples/aliases.txt
A    PixelConfigDataExamples/nametranslation
A    PixelConfigDataExamples/nametranslation/0
A    PixelConfigDataExamples/nametranslation/0/translation.dat
A    PixelConfigDataExamples/detconfig
A    PixelConfigDataExamples/detconfig/0
A    PixelConfigDataExamples/detconfig/0/detectconfig.dat
A    PixelConfigDataExamples/maxvsf
A    PixelConfigDataExamples/maxvsf/0
A    PixelConfigDataExamples/maxvsf/0/maxvsf.dat
A    PixelConfigDataExamples/configurations.txt
A    PixelConfigDataExamples/ltcconfig
A    PixelConfigDataExamples/ltcconfig/0
A    PixelConfigDataExamples/ltcconfig/0/LTCConfiguration.txt
A    PixelConfigDataExamples/calib
A    PixelConfigDataExamples/calib/20
A    PixelConfigDataExamples/calib/20/calib.dat
A    PixelConfigDataExamples/calib/21
A    PixelConfigDataExamples/calib/21/calib.dat
A    PixelConfigDataExamples/calib/24
A    PixelConfigDataExamples/calib/24/calib.dat
A    PixelConfigDataExamples/calib/25
A    PixelConfigDataExamples/calib/25/calib.dat
A    PixelConfigDataExamples/calib/26
A    PixelConfigDataExamples/calib/26/calib.dat
A    PixelConfigDataExamples/calib/18
A    PixelConfigDataExamples/calib/18/calib.dat
A    PixelConfigDataExamples/calib/27
A    PixelConfigDataExamples/calib/27/calib.dat
A    PixelConfigDataExamples/calib/19
A    PixelConfigDataExamples/calib/19/calib.dat
A    PixelConfigDataExamples/calib/28
A    PixelConfigDataExamples/calib/28/calib.dat
A    PixelConfigDataExamples/calib/29
A    PixelConfigDataExamples/calib/29/calib.dat
A    PixelConfigDataExamples/calib/0
A    PixelConfigDataExamples/calib/0/calib.dat
A    PixelConfigDataExamples/calib/1
A    PixelConfigDataExamples/calib/1/calib.dat
A    PixelConfigDataExamples/calib/2
A    PixelConfigDataExamples/calib/2/calib.dat
A    PixelConfigDataExamples/calib/3
A    PixelConfigDataExamples/calib/3/calib.dat
A    PixelConfigDataExamples/calib/4
A    PixelConfigDataExamples/calib/4/calib.dat
A    PixelConfigDataExamples/calib/5
A    PixelConfigDataExamples/calib/5/calib.dat
A    PixelConfigDataExamples/calib/6
A    PixelConfigDataExamples/calib/6/calib.dat
A    PixelConfigDataExamples/calib/7
A    PixelConfigDataExamples/calib/7/delay25.dat
A    PixelConfigDataExamples/calib/8
A    PixelConfigDataExamples/calib/8/calib.dat
A    PixelConfigDataExamples/trim
A    PixelConfigDataExamples/trim/0
A    PixelConfigDataExamples/trim/0/ROC_Trims_module_FPix_BmI_D1_BLD1_PNL1.dat
A    PixelConfigDataExamples/trim/0/ROC_Trims_module_FPix_BmI_D1_BLD1_PNL2.dat
A    PixelConfigDataExamples/trim/0/ROC_Trims_module_FPix_BmI_D1_BLD2_PNL1.dat
A    PixelConfigDataExamples/trim/0/ROC_Trims_module_FPix_BmI_D1_BLD2_PNL2.dat
A    PixelConfigDataExamples/trim/0/ROC_Trims_module_FPix_BmI_D1_BLD3_PNL1.dat
A    PixelConfigDataExamples/trim/0/ROC_Trims_module_FPix_BmI_D1_BLD3_PNL2.dat
A    PixelConfigDataExamples/portcardmap
A    PixelConfigDataExamples/portcardmap/0
A    PixelConfigDataExamples/portcardmap/0/portcardmap.dat
A    PixelConfigDataExamples/portcard
A    PixelConfigDataExamples/portcard/0
A    PixelConfigDataExamples/portcard/0/portcard_FPix_BmI_D1_PRT1.dat
 U   PixelConfigDataExamples
Checked out revision 4806.
