A    PixelHistoViewer/run.csh
A    PixelHistoViewer/include
A    PixelHistoViewer/include/PixelHistoViewer.h
A    PixelHistoViewer/include/PixelHistoPicGen.h
A    PixelHistoViewer/include/JsonList.h
A    PixelHistoViewer/images
A    PixelHistoViewer/images/turtle.png
A    PixelHistoViewer/images/taskbar_background.gif
A    PixelHistoViewer/images/turtleIcon.png
A    PixelHistoViewer/images/turtle.bmp
A    PixelHistoViewer/StartAll
A    PixelHistoViewer/html_files
A    PixelHistoViewer/html_files/LoginFailed.html
A    PixelHistoViewer/html_files/HelpWindow.html
A    PixelHistoViewer/html_files/_DetectorNavigator.html
A    PixelHistoViewer/html_files/HistoViewer.html
A    PixelHistoViewer/html_files/Login.html
A    PixelHistoViewer/Configuration
A    PixelHistoViewer/Configuration/Profile.xml
A    PixelHistoViewer/Configuration/SearchPaths.xml
A    PixelHistoViewer/Configuration/_PixelHistoViewer.xml
A    PixelHistoViewer/src
A    PixelHistoViewer/src/common
A    PixelHistoViewer/src/common/PixelHistoPicGen.cc
A    PixelHistoViewer/src/common/PixelHistoPicGenDetectorNavigator.cc
A    PixelHistoViewer/src/common/JsonList.cc
A    PixelHistoViewer/src/common/PixelHistoViewer.cc
A    PixelHistoViewer/css_files
A    PixelHistoViewer/css_files/HistoViewer.css
A    PixelHistoViewer/dtd
A    PixelHistoViewer/dtd/SearchPaths.dtd
A    PixelHistoViewer/Makefile
A    PixelHistoViewer/js_files
A    PixelHistoViewer/js_files/DetectorNavigator.js
A    PixelHistoViewer/js_files/FileTreeWindow.js
A    PixelHistoViewer/js_files/HistoViewer.js
A    PixelHistoViewer/js_files/Canvas.js
A    PixelHistoViewer/js_files/HelpWindow.js
A    PixelHistoViewer/js_files/DetectorWindow.js
A    PixelHistoViewer/js_files/Console.js
A    PixelHistoViewer/js_files/_DetectorNavigator.js
 U   PixelHistoViewer
Checked out revision 4806.
